#
# There is insufficient memory for the Java Runtime Environment to continue.
# Native memory allocation (mmap) failed to map 65536 bytes for Failed to commit metaspace.
# Possible reasons:
#   The system is out of physical RAM or swap space
#   The process is running with CompressedOops enabled, and the Java Heap may be blocking the growth of the native heap
# Possible solutions:
#   Reduce memory load on the system
#   Increase physical memory or swap space
#   Check if swap backing store is full
#   Decrease Java heap size (-Xmx/-Xms)
#   Decrease number of Java threads
#   Decrease Java thread stack sizes (-Xss)
#   Set larger code cache with -XX:ReservedCodeCacheSize=
#   JVM is running with Zero Based Compressed Oops mode in which the Java heap is
#     placed in the first 32GB address space. The Java Heap base address is the
#     maximum limit for the native heap growth. Please use -XX:HeapBaseMinAddress
#     to set the Java Heap base and to place the Java Heap above 32GB virtual address.
# This output file may be truncated or incomplete.
#
#  Out of Memory Error (virtualSpaceNode.cpp:110), pid=44244, tid=49524
#
# JRE version: OpenJDK Runtime Environment (18.0.1.1+2) (build 18.0.1.1+2-6)
# Java VM: OpenJDK 64-Bit Server VM (18.0.1.1+2-6, mixed mode, emulated-client, tiered, compressed oops, compressed class ptrs, g1 gc, windows-amd64)
# No core dump will be written. Minidumps are not enabled by default on client versions of Windows
#

---------------  S U M M A R Y ------------

Command Line: -XX:TieredStopAtLevel=1 -Xverify:none -Dspring.output.ansi.enabled=always -Dcom.sun.management.jmxremote -Dspring.jmx.enabled=true -Dspring.liveBeansView.mbeanDomain -Dspring.application.admin.enabled=true -javaagent:C:\Program Files\JetBrains\IntelliJ IDEA 2022.1.2\lib\idea_rt.jar=62907:C:\Program Files\JetBrains\IntelliJ IDEA 2022.1.2\bin -Dfile.encoding=UTF-8 cinema.Main

Host: AMD Ryzen 5 3500U with Radeon Vega Mobile Gfx  , 8 cores, 13G,  Windows 11 , 64 bit Build 22000 (10.0.22000.708)
Time: Wed Aug  3 12:19:15 2022 Mitteleuropäische Sommerzeit elapsed time: 0.192904 seconds (0d 0h 0m 0s)

---------------  T H R E A D  ---------------

Current thread (0x00000245d50144e0):  JavaThread "main" [_thread_in_vm, id=49524, stack(0x0000005bc0400000,0x0000005bc0500000)]

Stack: [0x0000005bc0400000,0x0000005bc0500000]
Native frames: (J=compiled Java code, j=interpreted, Vv=VM code, C=native code)
V  [jvm.dll+0x69887a]
V  [jvm.dll+0x7f38bd]
V  [jvm.dll+0x7f51ce]
V  [jvm.dll+0x7f5883]
V  [jvm.dll+0x25ca3f]
V  [jvm.dll+0x7ef5cb]
V  [jvm.dll+0x63ea76]
V  [jvm.dll+0x1d721e]
V  [jvm.dll+0x64141b]
V  [jvm.dll+0x64121e]
V  [jvm.dll+0x63f43e]
V  [jvm.dll+0x38db92]
V  [jvm.dll+0x1fa02b]
V  [jvm.dll+0x55d6ae]
V  [jvm.dll+0x209637]
V  [jvm.dll+0x76cf6d]
V  [jvm.dll+0x76e2a6]
V  [jvm.dll+0x76e5d8]
V  [jvm.dll+0x254d46]
V  [jvm.dll+0x3a0d7e]
C  0x00000245de159aed

Java frames: (J=compiled Java code, j=interpreted, Vv=VM code)
j  jdk.internal.loader.URLClassPath.<init>(Ljava/lang/String;Z)V+131 java.base
j  jdk.internal.loader.ClassLoaders.<clinit>()V+144 java.base
v  ~StubRoutines::call_stub
j  jdk.internal.loader.BootLoader.loadModule(Ljava/lang/module/ModuleReference;)V+0 java.base
j  jdk.internal.module.ModuleBootstrap.boot2()Ljava/lang/ModuleLayer;+352 java.base
j  jdk.internal.module.ModuleBootstrap.boot()Ljava/lang/ModuleLayer;+64 java.base
j  java.lang.System.initPhase2(ZZ)I+0 java.base
v  ~StubRoutines::call_stub

---------------  P R O C E S S  ---------------

Threads class SMR info:
_java_thread_list=0x00000245ec984c90, length=9, elements={
0x00000245d50144e0, 0x00000245ec996410, 0x00000245ec997460, 0x00000245ec9bc5b0,
0x00000245ec9bce60, 0x00000245ec9bdeb0, 0x0000024584164ee0, 0x0000024584169430,
0x000002458416a4c0
}

Java Threads: ( => current thread )
=>0x00000245d50144e0 JavaThread "main" [_thread_in_vm, id=49524, stack(0x0000005bc0400000,0x0000005bc0500000)]
  0x00000245ec996410 JavaThread "Reference Handler" daemon [_thread_blocked, id=47340, stack(0x0000005bc0b00000,0x0000005bc0c00000)]
  0x00000245ec997460 JavaThread "Finalizer" daemon [_thread_blocked, id=37348, stack(0x0000005bc0c00000,0x0000005bc0d00000)]
  0x00000245ec9bc5b0 JavaThread "Signal Dispatcher" daemon [_thread_blocked, id=50556, stack(0x0000005bc0d00000,0x0000005bc0e00000)]
  0x00000245ec9bce60 JavaThread "Attach Listener" daemon [_thread_blocked, id=43724, stack(0x0000005bc0e00000,0x0000005bc0f00000)]
  0x00000245ec9bdeb0 JavaThread "Service Thread" daemon [_thread_blocked, id=42248, stack(0x0000005bc0f00000,0x0000005bc1000000)]
  0x0000024584164ee0 JavaThread "Monitor Deflation Thread" daemon [_thread_blocked, id=50256, stack(0x0000005bc1000000,0x0000005bc1100000)]
  0x0000024584169430 JavaThread "C1 CompilerThread0" daemon [_thread_blocked, id=48648, stack(0x0000005bc1100000,0x0000005bc1200000)]
  0x000002458416a4c0 JavaThread "Sweeper thread" daemon [_thread_blocked, id=48240, stack(0x0000005bc1200000,0x0000005bc1300000)]

Other Threads:
  0x00000245ec935230 VMThread "VM Thread" [stack: 0x0000005bc0a00000,0x0000005bc0b00000] [id=44564]
  0x00000245d507a260 WorkerThread "GC Thread#0" [stack: 0x0000005bc0500000,0x0000005bc0600000] [id=44676]
  0x00000245d5085a50 ConcurrentGCThread "G1 Main Marker" [stack: 0x0000005bc0600000,0x0000005bc0700000] [id=47712]
  0x00000245d5086be0 WorkerThread "G1 Conc#0" [stack: 0x0000005bc0700000,0x0000005bc0800000] [id=37060]
  0x00000245ec7d2090 ConcurrentGCThread "G1 Refine#0" [stack: 0x0000005bc0800000,0x0000005bc0900000] [id=34768]
  0x00000245ec7d48d0 ConcurrentGCThread "G1 Service" [stack: 0x0000005bc0900000,0x0000005bc0a00000] [id=46564]

Threads with active compile tasks:

VM state: not at safepoint (normal execution)

VM Mutex/Monitor currently owned by a thread:  ([mutex/lock_event])
[0x00000245d5010710] Metaspace_lock - owner thread: 0x00000245d50144e0

Heap address: 0x0000000720c00000, size: 3572 MB, Compressed Oops mode: Zero based, Oop shift amount: 3

CDS archive(s) not mapped
Compressed class space mapped at: 0x0000000800000000-0x0000000840000000, reserved size: 1073741824
Narrow klass base: 0x0000000800000000, Narrow klass shift: 0, Narrow klass range: 0x40000000

GC Precious Log:
 CardTable entry size: 512
 Card Set container configuration: InlinePtr #cards 4 size 8 Array Of Cards #cards 16 size 48 Howl #buckets 8 coarsen threshold 3686 Howl Bitmap #cards 512 size 80 coarsen threshold 460 Card regions per heap region 1 cards per card region 4096
 CPUs: 8 total, 8 available
 Memory: 14282M
 Large Page Support: Disabled
 NUMA Support: Disabled
 Compressed Oops: Enabled (Zero based)
 Heap Region Size: 2M
 Heap Min Capacity: 8M
 Heap Initial Capacity: 224M
 Heap Max Capacity: 3572M
 Pre-touch: Disabled
 Parallel Workers: 8
 Concurrent Workers: 2
 Concurrent Refinement Workers: 8
 Periodic GC: Disabled

Heap:
 garbage-first heap   total 229376K, used 0K [0x0000000720c00000, 0x0000000800000000)
  region size 2048K, 1 young (2048K), 0 survivors (0K)
 Metaspace       used 3357K, committed 3392K, reserved 1114112K
  class space    used 254K, committed 256K, reserved 1048576K

Heap Regions: E=young(eden), S=young(survivor), O=old, HS=humongous(starts), HC=humongous(continues), CS=collection set, F=free, OA=open archive, CA=closed archive, TAMS=top-at-mark-start (previous, next)
|   0|0x0000000720c00000, 0x0000000720c00000, 0x0000000720e00000|  0%| F|  |TAMS 0x0000000720c00000, 0x0000000720c00000| Untracked 
|   1|0x0000000720e00000, 0x0000000720e00000, 0x0000000721000000|  0%| F|  |TAMS 0x0000000720e00000, 0x0000000720e00000| Untracked 
|   2|0x0000000721000000, 0x0000000721000000, 0x0000000721200000|  0%| F|  |TAMS 0x0000000721000000, 0x0000000721000000| Untracked 
|   3|0x0000000721200000, 0x0000000721200000, 0x0000000721400000|  0%| F|  |TAMS 0x0000000721200000, 0x0000000721200000| Untracked 
|   4|0x0000000721400000, 0x0000000721400000, 0x0000000721600000|  0%| F|  |TAMS 0x0000000721400000, 0x0000000721400000| Untracked 
|   5|0x0000000721600000, 0x0000000721600000, 0x0000000721800000|  0%| F|  |TAMS 0x0000000721600000, 0x0000000721600000| Untracked 
|   6|0x0000000721800000, 0x0000000721800000, 0x0000000721a00000|  0%| F|  |TAMS 0x0000000721800000, 0x0000000721800000| Untracked 
|   7|0x0000000721a00000, 0x0000000721a00000, 0x0000000721c00000|  0%| F|  |TAMS 0x0000000721a00000, 0x0000000721a00000| Untracked 
|   8|0x0000000721c00000, 0x0000000721c00000, 0x0000000721e00000|  0%| F|  |TAMS 0x0000000721c00000, 0x0000000721c00000| Untracked 
|   9|0x0000000721e00000, 0x0000000721e00000, 0x0000000722000000|  0%| F|  |TAMS 0x0000000721e00000, 0x0000000721e00000| Untracked 
|  10|0x0000000722000000, 0x0000000722000000, 0x0000000722200000|  0%| F|  |TAMS 0x0000000722000000, 0x0000000722000000| Untracked 
|  11|0x0000000722200000, 0x0000000722200000, 0x0000000722400000|  0%| F|  |TAMS 0x0000000722200000, 0x0000000722200000| Untracked 
|  12|0x0000000722400000, 0x0000000722400000, 0x0000000722600000|  0%| F|  |TAMS 0x0000000722400000, 0x0000000722400000| Untracked 
|  13|0x0000000722600000, 0x0000000722600000, 0x0000000722800000|  0%| F|  |TAMS 0x0000000722600000, 0x0000000722600000| Untracked 
|  14|0x0000000722800000, 0x0000000722800000, 0x0000000722a00000|  0%| F|  |TAMS 0x0000000722800000, 0x0000000722800000| Untracked 
|  15|0x0000000722a00000, 0x0000000722a00000, 0x0000000722c00000|  0%| F|  |TAMS 0x0000000722a00000, 0x0000000722a00000| Untracked 
|  16|0x0000000722c00000, 0x0000000722c00000, 0x0000000722e00000|  0%| F|  |TAMS 0x0000000722c00000, 0x0000000722c00000| Untracked 
|  17|0x0000000722e00000, 0x0000000722e00000, 0x0000000723000000|  0%| F|  |TAMS 0x0000000722e00000, 0x0000000722e00000| Untracked 
|  18|0x0000000723000000, 0x0000000723000000, 0x0000000723200000|  0%| F|  |TAMS 0x0000000723000000, 0x0000000723000000| Untracked 
|  19|0x0000000723200000, 0x0000000723200000, 0x0000000723400000|  0%| F|  |TAMS 0x0000000723200000, 0x0000000723200000| Untracked 
|  20|0x0000000723400000, 0x0000000723400000, 0x0000000723600000|  0%| F|  |TAMS 0x0000000723400000, 0x0000000723400000| Untracked 
|  21|0x0000000723600000, 0x0000000723600000, 0x0000000723800000|  0%| F|  |TAMS 0x0000000723600000, 0x0000000723600000| Untracked 
|  22|0x0000000723800000, 0x0000000723800000, 0x0000000723a00000|  0%| F|  |TAMS 0x0000000723800000, 0x0000000723800000| Untracked 
|  23|0x0000000723a00000, 0x0000000723a00000, 0x0000000723c00000|  0%| F|  |TAMS 0x0000000723a00000, 0x0000000723a00000| Untracked 
|  24|0x0000000723c00000, 0x0000000723c00000, 0x0000000723e00000|  0%| F|  |TAMS 0x0000000723c00000, 0x0000000723c00000| Untracked 
|  25|0x0000000723e00000, 0x0000000723e00000, 0x0000000724000000|  0%| F|  |TAMS 0x0000000723e00000, 0x0000000723e00000| Untracked 
|  26|0x0000000724000000, 0x0000000724000000, 0x0000000724200000|  0%| F|  |TAMS 0x0000000724000000, 0x0000000724000000| Untracked 
|  27|0x0000000724200000, 0x0000000724200000, 0x0000000724400000|  0%| F|  |TAMS 0x0000000724200000, 0x0000000724200000| Untracked 
|  28|0x0000000724400000, 0x0000000724400000, 0x0000000724600000|  0%| F|  |TAMS 0x0000000724400000, 0x0000000724400000| Untracked 
|  29|0x0000000724600000, 0x0000000724600000, 0x0000000724800000|  0%| F|  |TAMS 0x0000000724600000, 0x0000000724600000| Untracked 
|  30|0x0000000724800000, 0x0000000724800000, 0x0000000724a00000|  0%| F|  |TAMS 0x0000000724800000, 0x0000000724800000| Untracked 
|  31|0x0000000724a00000, 0x0000000724a00000, 0x0000000724c00000|  0%| F|  |TAMS 0x0000000724a00000, 0x0000000724a00000| Untracked 
|  32|0x0000000724c00000, 0x0000000724c00000, 0x0000000724e00000|  0%| F|  |TAMS 0x0000000724c00000, 0x0000000724c00000| Untracked 
|  33|0x0000000724e00000, 0x0000000724e00000, 0x0000000725000000|  0%| F|  |TAMS 0x0000000724e00000, 0x0000000724e00000| Untracked 
|  34|0x0000000725000000, 0x0000000725000000, 0x0000000725200000|  0%| F|  |TAMS 0x0000000725000000, 0x0000000725000000| Untracked 
|  35|0x0000000725200000, 0x0000000725200000, 0x0000000725400000|  0%| F|  |TAMS 0x0000000725200000, 0x0000000725200000| Untracked 
|  36|0x0000000725400000, 0x0000000725400000, 0x0000000725600000|  0%| F|  |TAMS 0x0000000725400000, 0x0000000725400000| Untracked 
|  37|0x0000000725600000, 0x0000000725600000, 0x0000000725800000|  0%| F|  |TAMS 0x0000000725600000, 0x0000000725600000| Untracked 
|  38|0x0000000725800000, 0x0000000725800000, 0x0000000725a00000|  0%| F|  |TAMS 0x0000000725800000, 0x0000000725800000| Untracked 
|  39|0x0000000725a00000, 0x0000000725a00000, 0x0000000725c00000|  0%| F|  |TAMS 0x0000000725a00000, 0x0000000725a00000| Untracked 
|  40|0x0000000725c00000, 0x0000000725c00000, 0x0000000725e00000|  0%| F|  |TAMS 0x0000000725c00000, 0x0000000725c00000| Untracked 
|  41|0x0000000725e00000, 0x0000000725e00000, 0x0000000726000000|  0%| F|  |TAMS 0x0000000725e00000, 0x0000000725e00000| Untracked 
|  42|0x0000000726000000, 0x0000000726000000, 0x0000000726200000|  0%| F|  |TAMS 0x0000000726000000, 0x0000000726000000| Untracked 
|  43|0x0000000726200000, 0x0000000726200000, 0x0000000726400000|  0%| F|  |TAMS 0x0000000726200000, 0x0000000726200000| Untracked 
|  44|0x0000000726400000, 0x0000000726400000, 0x0000000726600000|  0%| F|  |TAMS 0x0000000726400000, 0x0000000726400000| Untracked 
|  45|0x0000000726600000, 0x0000000726600000, 0x0000000726800000|  0%| F|  |TAMS 0x0000000726600000, 0x0000000726600000| Untracked 
|  46|0x0000000726800000, 0x0000000726800000, 0x0000000726a00000|  0%| F|  |TAMS 0x0000000726800000, 0x0000000726800000| Untracked 
|  47|0x0000000726a00000, 0x0000000726a00000, 0x0000000726c00000|  0%| F|  |TAMS 0x0000000726a00000, 0x0000000726a00000| Untracked 
|  48|0x0000000726c00000, 0x0000000726c00000, 0x0000000726e00000|  0%| F|  |TAMS 0x0000000726c00000, 0x0000000726c00000| Untracked 
|  49|0x0000000726e00000, 0x0000000726e00000, 0x0000000727000000|  0%| F|  |TAMS 0x0000000726e00000, 0x0000000726e00000| Untracked 
|  50|0x0000000727000000, 0x0000000727000000, 0x0000000727200000|  0%| F|  |TAMS 0x0000000727000000, 0x0000000727000000| Untracked 
|  51|0x0000000727200000, 0x0000000727200000, 0x0000000727400000|  0%| F|  |TAMS 0x0000000727200000, 0x0000000727200000| Untracked 
|  52|0x0000000727400000, 0x0000000727400000, 0x0000000727600000|  0%| F|  |TAMS 0x0000000727400000, 0x0000000727400000| Untracked 
|  53|0x0000000727600000, 0x0000000727600000, 0x0000000727800000|  0%| F|  |TAMS 0x0000000727600000, 0x0000000727600000| Untracked 
|  54|0x0000000727800000, 0x0000000727800000, 0x0000000727a00000|  0%| F|  |TAMS 0x0000000727800000, 0x0000000727800000| Untracked 
|  55|0x0000000727a00000, 0x0000000727a00000, 0x0000000727c00000|  0%| F|  |TAMS 0x0000000727a00000, 0x0000000727a00000| Untracked 
|  56|0x0000000727c00000, 0x0000000727c00000, 0x0000000727e00000|  0%| F|  |TAMS 0x0000000727c00000, 0x0000000727c00000| Untracked 
|  57|0x0000000727e00000, 0x0000000727e00000, 0x0000000728000000|  0%| F|  |TAMS 0x0000000727e00000, 0x0000000727e00000| Untracked 
|  58|0x0000000728000000, 0x0000000728000000, 0x0000000728200000|  0%| F|  |TAMS 0x0000000728000000, 0x0000000728000000| Untracked 
|  59|0x0000000728200000, 0x0000000728200000, 0x0000000728400000|  0%| F|  |TAMS 0x0000000728200000, 0x0000000728200000| Untracked 
|  60|0x0000000728400000, 0x0000000728400000, 0x0000000728600000|  0%| F|  |TAMS 0x0000000728400000, 0x0000000728400000| Untracked 
|  61|0x0000000728600000, 0x0000000728600000, 0x0000000728800000|  0%| F|  |TAMS 0x0000000728600000, 0x0000000728600000| Untracked 
|  62|0x0000000728800000, 0x0000000728800000, 0x0000000728a00000|  0%| F|  |TAMS 0x0000000728800000, 0x0000000728800000| Untracked 
|  63|0x0000000728a00000, 0x0000000728a00000, 0x0000000728c00000|  0%| F|  |TAMS 0x0000000728a00000, 0x0000000728a00000| Untracked 
|  64|0x0000000728c00000, 0x0000000728c00000, 0x0000000728e00000|  0%| F|  |TAMS 0x0000000728c00000, 0x0000000728c00000| Untracked 
|  65|0x0000000728e00000, 0x0000000728e00000, 0x0000000729000000|  0%| F|  |TAMS 0x0000000728e00000, 0x0000000728e00000| Untracked 
|  66|0x0000000729000000, 0x0000000729000000, 0x0000000729200000|  0%| F|  |TAMS 0x0000000729000000, 0x0000000729000000| Untracked 
|  67|0x0000000729200000, 0x0000000729200000, 0x0000000729400000|  0%| F|  |TAMS 0x0000000729200000, 0x0000000729200000| Untracked 
|  68|0x0000000729400000, 0x0000000729400000, 0x0000000729600000|  0%| F|  |TAMS 0x0000000729400000, 0x0000000729400000| Untracked 
|  69|0x0000000729600000, 0x0000000729600000, 0x0000000729800000|  0%| F|  |TAMS 0x0000000729600000, 0x0000000729600000| Untracked 
|  70|0x0000000729800000, 0x0000000729800000, 0x0000000729a00000|  0%| F|  |TAMS 0x0000000729800000, 0x0000000729800000| Untracked 
|  71|0x0000000729a00000, 0x0000000729a00000, 0x0000000729c00000|  0%| F|  |TAMS 0x0000000729a00000, 0x0000000729a00000| Untracked 
|  72|0x0000000729c00000, 0x0000000729c00000, 0x0000000729e00000|  0%| F|  |TAMS 0x0000000729c00000, 0x0000000729c00000| Untracked 
|  73|0x0000000729e00000, 0x0000000729e00000, 0x000000072a000000|  0%| F|  |TAMS 0x0000000729e00000, 0x0000000729e00000| Untracked 
|  74|0x000000072a000000, 0x000000072a000000, 0x000000072a200000|  0%| F|  |TAMS 0x000000072a000000, 0x000000072a000000| Untracked 
|  75|0x000000072a200000, 0x000000072a200000, 0x000000072a400000|  0%| F|  |TAMS 0x000000072a200000, 0x000000072a200000| Untracked 
|  76|0x000000072a400000, 0x000000072a400000, 0x000000072a600000|  0%| F|  |TAMS 0x000000072a400000, 0x000000072a400000| Untracked 
|  77|0x000000072a600000, 0x000000072a600000, 0x000000072a800000|  0%| F|  |TAMS 0x000000072a600000, 0x000000072a600000| Untracked 
|  78|0x000000072a800000, 0x000000072a800000, 0x000000072aa00000|  0%| F|  |TAMS 0x000000072a800000, 0x000000072a800000| Untracked 
|  79|0x000000072aa00000, 0x000000072aa00000, 0x000000072ac00000|  0%| F|  |TAMS 0x000000072aa00000, 0x000000072aa00000| Untracked 
|  80|0x000000072ac00000, 0x000000072ac00000, 0x000000072ae00000|  0%| F|  |TAMS 0x000000072ac00000, 0x000000072ac00000| Untracked 
|  81|0x000000072ae00000, 0x000000072ae00000, 0x000000072b000000|  0%| F|  |TAMS 0x000000072ae00000, 0x000000072ae00000| Untracked 
|  82|0x000000072b000000, 0x000000072b000000, 0x000000072b200000|  0%| F|  |TAMS 0x000000072b000000, 0x000000072b000000| Untracked 
|  83|0x000000072b200000, 0x000000072b200000, 0x000000072b400000|  0%| F|  |TAMS 0x000000072b200000, 0x000000072b200000| Untracked 
|  84|0x000000072b400000, 0x000000072b400000, 0x000000072b600000|  0%| F|  |TAMS 0x000000072b400000, 0x000000072b400000| Untracked 
|  85|0x000000072b600000, 0x000000072b600000, 0x000000072b800000|  0%| F|  |TAMS 0x000000072b600000, 0x000000072b600000| Untracked 
|  86|0x000000072b800000, 0x000000072b800000, 0x000000072ba00000|  0%| F|  |TAMS 0x000000072b800000, 0x000000072b800000| Untracked 
|  87|0x000000072ba00000, 0x000000072ba00000, 0x000000072bc00000|  0%| F|  |TAMS 0x000000072ba00000, 0x000000072ba00000| Untracked 
|  88|0x000000072bc00000, 0x000000072bc00000, 0x000000072be00000|  0%| F|  |TAMS 0x000000072bc00000, 0x000000072bc00000| Untracked 
|  89|0x000000072be00000, 0x000000072be00000, 0x000000072c000000|  0%| F|  |TAMS 0x000000072be00000, 0x000000072be00000| Untracked 
|  90|0x000000072c000000, 0x000000072c000000, 0x000000072c200000|  0%| F|  |TAMS 0x000000072c000000, 0x000000072c000000| Untracked 
|  91|0x000000072c200000, 0x000000072c200000, 0x000000072c400000|  0%| F|  |TAMS 0x000000072c200000, 0x000000072c200000| Untracked 
|  92|0x000000072c400000, 0x000000072c400000, 0x000000072c600000|  0%| F|  |TAMS 0x000000072c400000, 0x000000072c400000| Untracked 
|  93|0x000000072c600000, 0x000000072c600000, 0x000000072c800000|  0%| F|  |TAMS 0x000000072c600000, 0x000000072c600000| Untracked 
|  94|0x000000072c800000, 0x000000072c800000, 0x000000072ca00000|  0%| F|  |TAMS 0x000000072c800000, 0x000000072c800000| Untracked 
|  95|0x000000072ca00000, 0x000000072ca00000, 0x000000072cc00000|  0%| F|  |TAMS 0x000000072ca00000, 0x000000072ca00000| Untracked 
|  96|0x000000072cc00000, 0x000000072cc00000, 0x000000072ce00000|  0%| F|  |TAMS 0x000000072cc00000, 0x000000072cc00000| Untracked 
|  97|0x000000072ce00000, 0x000000072ce00000, 0x000000072d000000|  0%| F|  |TAMS 0x000000072ce00000, 0x000000072ce00000| Untracked 
|  98|0x000000072d000000, 0x000000072d000000, 0x000000072d200000|  0%| F|  |TAMS 0x000000072d000000, 0x000000072d000000| Untracked 
|  99|0x000000072d200000, 0x000000072d200000, 0x000000072d400000|  0%| F|  |TAMS 0x000000072d200000, 0x000000072d200000| Untracked 
| 100|0x000000072d400000, 0x000000072d400000, 0x000000072d600000|  0%| F|  |TAMS 0x000000072d400000, 0x000000072d400000| Untracked 
| 101|0x000000072d600000, 0x000000072d600000, 0x000000072d800000|  0%| F|  |TAMS 0x000000072d600000, 0x000000072d600000| Untracked 
| 102|0x000000072d800000, 0x000000072d800000, 0x000000072da00000|  0%| F|  |TAMS 0x000000072d800000, 0x000000072d800000| Untracked 
| 103|0x000000072da00000, 0x000000072da00000, 0x000000072dc00000|  0%| F|  |TAMS 0x000000072da00000, 0x000000072da00000| Untracked 
| 104|0x000000072dc00000, 0x000000072dc00000, 0x000000072de00000|  0%| F|  |TAMS 0x000000072dc00000, 0x000000072dc00000| Untracked 
| 105|0x000000072de00000, 0x000000072de00000, 0x000000072e000000|  0%| F|  |TAMS 0x000000072de00000, 0x000000072de00000| Untracked 
| 106|0x000000072e000000, 0x000000072e000000, 0x000000072e200000|  0%| F|  |TAMS 0x000000072e000000, 0x000000072e000000| Untracked 
| 107|0x000000072e200000, 0x000000072e200000, 0x000000072e400000|  0%| F|  |TAMS 0x000000072e200000, 0x000000072e200000| Untracked 
| 108|0x000000072e400000, 0x000000072e400000, 0x000000072e600000|  0%| F|  |TAMS 0x000000072e400000, 0x000000072e400000| Untracked 
| 109|0x000000072e600000, 0x000000072e600000, 0x000000072e800000|  0%| F|  |TAMS 0x000000072e600000, 0x000000072e600000| Untracked 
| 110|0x000000072e800000, 0x000000072e800000, 0x000000072ea00000|  0%| F|  |TAMS 0x000000072e800000, 0x000000072e800000| Untracked 
| 111|0x000000072ea00000, 0x000000072ebc2ba0, 0x000000072ec00000| 88%| E|  |TAMS 0x000000072ea00000, 0x000000072ea00000| Complete 

Card table byte_map: [0x00000245e2120000,0x00000245e2820000] _byte_map_base: 0x00000245de81a000

Marking Bits (Prev, Next): (CMBitMap*) 0x00000245d507a860, (CMBitMap*) 0x00000245d507a8a0
 Prev Bits: [0x00000245e2f20000, 0x00000245e66f0000)
 Next Bits: [0x00000245e66f0000, 0x00000245e9ec0000)

Polling page: 0x00000245d50d0000

Metaspace:

Usage:
  Non-class:      3.03 MB used.
      Class:    254.95 KB used.
       Both:      3.28 MB used.

Virtual space:
  Non-class space:       64.00 MB reserved,       3.06 MB (  5%) committed,  1 nodes.
      Class space:        1.00 GB reserved,     256.00 KB ( <1%) committed,  1 nodes.
             Both:        1.06 GB reserved,       3.31 MB ( <1%) committed. 

Chunk freelists:
   Non-Class:  0 bytes
       Class:  3.62 MB
        Both:  3.62 MB

MaxMetaspaceSize: unlimited
CompressedClassSpaceSize: 1.00 GB
Initial GC threshold: 21.00 MB
Current GC threshold: 21.00 MB
CDS: off
MetaspaceReclaimPolicy: balanced
 - commit_granule_bytes: 65536.
 - commit_granule_words: 8192.
 - virtual_space_node_default_size: 8388608.
 - enlarge_chunks_in_place: 1.
 - new_chunks_are_fully_committed: 0.
 - uncommit_free_chunks: 1.
 - use_allocation_guard: 0.


Internal statistics:

num_allocs_failed_limit: 0.
num_arena_births: 2.
num_arena_deaths: 0.
num_vsnodes_births: 2.
num_vsnodes_deaths: 0.
num_space_committed: 53.
num_space_uncommitted: 0.
num_chunks_returned_to_freelist: 0.
num_chunks_taken_from_freelist: 3.
num_chunk_merges: 0.
num_chunk_splits: 1.
num_chunks_enlarged: 0.
num_inconsistent_stats: 0.

CodeCache: size=49152Kb used=1056Kb max_used=1056Kb free=48095Kb
 bounds [0x00000245de140000, 0x00000245de3b0000, 0x00000245e1140000]
 total_blobs=308 nmethods=36 adapters=200
 compilation: enabled
              stopped_count=0, restarted_count=0
 full_count=0

Compilation events (20 events):
Event: 0.127 Thread 0x0000024584169430   26       1       java.lang.String::coder (15 bytes)
Event: 0.127 Thread 0x0000024584169430 nmethod 26 0x00000245de244910 code [0x00000245de244aa0, 0x00000245de244b78]
Event: 0.128 Thread 0x0000024584169430   27       1       java.lang.String::length (11 bytes)
Event: 0.128 Thread 0x0000024584169430 nmethod 27 0x00000245de244c10 code [0x00000245de244da0, 0x00000245de244e78]
Event: 0.128 Thread 0x0000024584169430   28       1       java.lang.module.ModuleDescriptor::name (5 bytes)
Event: 0.128 Thread 0x0000024584169430 nmethod 28 0x00000245de244f10 code [0x00000245de2450a0, 0x00000245de245178]
Event: 0.129 Thread 0x0000024584169430   29       1       java.lang.module.ModuleReference::descriptor (5 bytes)
Event: 0.129 Thread 0x0000024584169430 nmethod 29 0x00000245de245210 code [0x00000245de2453a0, 0x00000245de245478]
Event: 0.129 Thread 0x0000024584169430   30       1       java.net.URI::hash (33 bytes)
Event: 0.130 Thread 0x0000024584169430 nmethod 30 0x00000245de245510 code [0x00000245de2456e0, 0x00000245de2458d8]
Event: 0.142 Thread 0x0000024584169430   31       1       java.lang.String::isEmpty (14 bytes)
Event: 0.143 Thread 0x0000024584169430 nmethod 31 0x00000245de246f10 code [0x00000245de2470a0, 0x00000245de247198]
Event: 0.156 Thread 0x0000024584169430   32       1       java.lang.StringLatin1::indexOfChar (33 bytes)
Event: 0.156 Thread 0x0000024584169430 nmethod 32 0x00000245de247210 code [0x00000245de2473a0, 0x00000245de2474d8]
Event: 0.165 Thread 0x0000024584169430   34       1       sun.net.www.ParseUtil::match (50 bytes)
Event: 0.165 Thread 0x0000024584169430 nmethod 34 0x00000245de247990 code [0x00000245de247b20, 0x00000245de247cb8]
Event: 0.182 Thread 0x0000024584169430   35       1       java.io.File::getPath (5 bytes)
Event: 0.182 Thread 0x0000024584169430 nmethod 35 0x00000245de247d10 code [0x00000245de247ea0, 0x00000245de247f78]
Event: 0.184 Thread 0x0000024584169430   36       1       java.lang.StringLatin1::canEncode (13 bytes)
Event: 0.184 Thread 0x0000024584169430 nmethod 36 0x00000245de248010 code [0x00000245de2481a0, 0x00000245de248258]

GC Heap History (0 events):
No events

Deoptimization events (0 events):
No events

Classes loaded (20 events):
Event: 0.136 Loading class jdk/internal/access/JavaNetURLAccess
Event: 0.136 Loading class jdk/internal/access/JavaNetURLAccess done
Event: 0.136 Loading class java/net/URL$3 done
Event: 0.136 Loading class java/io/File$PathStatus
Event: 0.136 Loading class java/io/File$PathStatus done
Event: 0.138 Loading class sun/net/www/ParseUtil
Event: 0.139 Loading class sun/net/www/ParseUtil done
Event: 0.139 Loading class java/util/HexFormat
Event: 0.139 Loading class java/util/HexFormat done
Event: 0.140 Loading class sun/net/www/protocol/file/Handler
Event: 0.140 Loading class java/net/URLStreamHandler
Event: 0.140 Loading class java/net/URLStreamHandler done
Event: 0.140 Loading class sun/net/www/protocol/file/Handler done
Event: 0.140 Loading class sun/net/util/IPAddressUtil
Event: 0.141 Loading class sun/net/util/IPAddressUtil done
Event: 0.189 Loading class java/util/ArrayDeque
Event: 0.190 Loading class java/util/Deque
Event: 0.190 Loading class java/util/Queue
Event: 0.190 Loading class java/util/Queue done
Event: 0.190 Loading class java/util/Deque done

Classes unloaded (0 events):
No events

Classes redefined (0 events):
No events

Internal exceptions (0 events):
No events

VM Operations (0 events):
No events

Events (11 events):
Event: 0.009 Loaded shared library C:\Users\frank\.jdks\openjdk-18.0.1.1\bin\java.dll
Event: 0.051 Loaded shared library C:\Users\frank\.jdks\openjdk-18.0.1.1\bin\jsvml.dll
Event: 0.052 Thread 0x00000245d50144e0 Thread added: 0x00000245d50144e0
Event: 0.062 Thread 0x00000245ec996410 Thread added: 0x00000245ec996410
Event: 0.062 Thread 0x00000245ec997460 Thread added: 0x00000245ec997460
Event: 0.103 Thread 0x00000245ec9bc5b0 Thread added: 0x00000245ec9bc5b0
Event: 0.103 Thread 0x00000245ec9bce60 Thread added: 0x00000245ec9bce60
Event: 0.103 Thread 0x00000245ec9bdeb0 Thread added: 0x00000245ec9bdeb0
Event: 0.103 Thread 0x0000024584164ee0 Thread added: 0x0000024584164ee0
Event: 0.104 Thread 0x0000024584169430 Thread added: 0x0000024584169430
Event: 0.104 Thread 0x000002458416a4c0 Thread added: 0x000002458416a4c0


Dynamic libraries:
0x00007ff7121f0000 - 0x00007ff7121fe000 	C:\Users\frank\.jdks\openjdk-18.0.1.1\bin\java.exe
0x00007ffb0b4c0000 - 0x00007ffb0b6c9000 	C:\WINDOWS\SYSTEM32\ntdll.dll
0x00007ffb0b0c0000 - 0x00007ffb0b17d000 	C:\WINDOWS\System32\KERNEL32.DLL
0x00007ffb089a0000 - 0x00007ffb08d1d000 	C:\WINDOWS\System32\KERNELBASE.dll
0x00007ffb09200000 - 0x00007ffb09311000 	C:\WINDOWS\System32\ucrtbase.dll
0x00007ffaefd90000 - 0x00007ffaefda7000 	C:\Users\frank\.jdks\openjdk-18.0.1.1\bin\jli.dll
0x00007ffaefa70000 - 0x00007ffaefa8a000 	C:\Users\frank\.jdks\openjdk-18.0.1.1\bin\VCRUNTIME140.dll
0x00007ffb0a120000 - 0x00007ffb0a2cd000 	C:\WINDOWS\System32\USER32.dll
0x00007ffaf5bc0000 - 0x00007ffaf5e65000 	C:\WINDOWS\WinSxS\amd64_microsoft.windows.common-controls_6595b64144ccf1df_6.0.22000.120_none_9d947278b86cc467\COMCTL32.dll
0x00007ffb09320000 - 0x00007ffb09346000 	C:\WINDOWS\System32\win32u.dll
0x00007ffb0a540000 - 0x00007ffb0a5e3000 	C:\WINDOWS\System32\msvcrt.dll
0x00007ffb0a5f0000 - 0x00007ffb0a619000 	C:\WINDOWS\System32\GDI32.dll
0x00007ffb08fa0000 - 0x00007ffb090b8000 	C:\WINDOWS\System32\gdi32full.dll
0x00007ffb08e90000 - 0x00007ffb08f2d000 	C:\WINDOWS\System32\msvcp_win.dll
0x00007ffb0a2d0000 - 0x00007ffb0a301000 	C:\WINDOWS\System32\IMM32.DLL
0x00007ffb05000000 - 0x00007ffb0500c000 	C:\Users\frank\.jdks\openjdk-18.0.1.1\bin\vcruntime140_1.dll
0x00007ffaef720000 - 0x00007ffaef7ad000 	C:\Users\frank\.jdks\openjdk-18.0.1.1\bin\msvcp140.dll
0x00007ffad2bd0000 - 0x00007ffad37e0000 	C:\Users\frank\.jdks\openjdk-18.0.1.1\bin\server\jvm.dll
0x00007ffb0a310000 - 0x00007ffb0a3be000 	C:\WINDOWS\System32\ADVAPI32.dll
0x00007ffb0af40000 - 0x00007ffb0afde000 	C:\WINDOWS\System32\sechost.dll
0x00007ffb0b180000 - 0x00007ffb0b2a0000 	C:\WINDOWS\System32\RPCRT4.dll
0x00007ffb0b380000 - 0x00007ffb0b388000 	C:\WINDOWS\System32\PSAPI.DLL
0x00007ffad5da0000 - 0x00007ffad5da9000 	C:\WINDOWS\SYSTEM32\WSOCK32.dll
0x00007ffb01c40000 - 0x00007ffb01c73000 	C:\WINDOWS\SYSTEM32\WINMM.dll
0x00007ffb0a620000 - 0x00007ffb0a68f000 	C:\WINDOWS\System32\WS2_32.dll
0x00007ffaffff0000 - 0x00007ffaffffa000 	C:\WINDOWS\SYSTEM32\VERSION.dll
0x00007ffb07aa0000 - 0x00007ffb07ab8000 	C:\WINDOWS\SYSTEM32\kernel.appcore.dll
0x00007ffaf6ca0000 - 0x00007ffaf6caa000 	C:\Users\frank\.jdks\openjdk-18.0.1.1\bin\jimage.dll
0x00007ffb05cb0000 - 0x00007ffb05ed1000 	C:\WINDOWS\SYSTEM32\DBGHELP.DLL
0x00007ffaedc70000 - 0x00007ffaedca1000 	C:\WINDOWS\SYSTEM32\dbgcore.DLL
0x00007ffb090c0000 - 0x00007ffb0913f000 	C:\WINDOWS\System32\bcryptPrimitives.dll
0x00007ffb05090000 - 0x00007ffb0509e000 	C:\Users\frank\.jdks\openjdk-18.0.1.1\bin\instrument.dll
0x00007ffaef6f0000 - 0x00007ffaef715000 	C:\Users\frank\.jdks\openjdk-18.0.1.1\bin\java.dll
0x00007ffaef610000 - 0x00007ffaef6e6000 	C:\Users\frank\.jdks\openjdk-18.0.1.1\bin\jsvml.dll
0x00007ffb0a690000 - 0x00007ffb0ae48000 	C:\WINDOWS\System32\SHELL32.dll
0x00007ffb06b10000 - 0x00007ffb07378000 	C:\WINDOWS\SYSTEM32\windows.storage.dll
0x00007ffb09350000 - 0x00007ffb096c9000 	C:\WINDOWS\System32\combase.dll
0x00007ffb069a0000 - 0x00007ffb06b06000 	C:\WINDOWS\SYSTEM32\wintypes.dll
0x00007ffb0b390000 - 0x00007ffb0b47a000 	C:\WINDOWS\System32\SHCORE.dll
0x00007ffb096d0000 - 0x00007ffb0972d000 	C:\WINDOWS\System32\shlwapi.dll
0x00007ffb088d0000 - 0x00007ffb088f1000 	C:\WINDOWS\SYSTEM32\profapi.dll

dbghelp: loaded successfully - version: 4.0.5 - missing functions: none
symbol engine: initialized successfully - sym options: 0x614 - pdb path: .;C:\Users\frank\.jdks\openjdk-18.0.1.1\bin;C:\WINDOWS\SYSTEM32;C:\WINDOWS\WinSxS\amd64_microsoft.windows.common-controls_6595b64144ccf1df_6.0.22000.120_none_9d947278b86cc467;C:\Users\frank\.jdks\openjdk-18.0.1.1\bin\server

VM Arguments:
jvm_args: -XX:TieredStopAtLevel=1 -Xverify:none -Dspring.output.ansi.enabled=always -Dcom.sun.management.jmxremote -Dspring.jmx.enabled=true -Dspring.liveBeansView.mbeanDomain -Dspring.application.admin.enabled=true -javaagent:C:\Program Files\JetBrains\IntelliJ IDEA 2022.1.2\lib\idea_rt.jar=62907:C:\Program Files\JetBrains\IntelliJ IDEA 2022.1.2\bin -Dfile.encoding=UTF-8 
java_command: cinema.Main
java_class_path (initial): C:\Users\frank\OneDrive\Dokumente\coding\Java\Intellij Workspaces\privateProjects\Cinema Room REST Service\Cinema Room REST Service\task\out\production\classes;C:\Users\frank\OneDrive\Dokumente\coding\Java\Intellij Workspaces\privateProjects\Cinema Room REST Service\Cinema Room REST Service\task\out\production\resources;C:\Users\frank\.gradle\caches\modules-2\files-2.1\org.springframework.boot\spring-boot-starter-actuator\2.5.6\e5057388311b3566d49ba2021673e0022da1a99c\spring-boot-starter-actuator-2.5.6.jar;C:\Users\frank\.gradle\caches\modules-2\files-2.1\org.springframework.boot\spring-boot-starter-web\2.5.6\46b479490170914f7477b96a21241183b181c24d\spring-boot-starter-web-2.5.6.jar;C:\Users\frank\.gradle\caches\modules-2\files-2.1\org.springframework.boot\spring-boot-starter\2.5.6\d5d1fada1afe9a808abf48da7066a993cf679aa\spring-boot-starter-2.5.6.jar;C:\Users\frank\.gradle\caches\modules-2\files-2.1\org.springframework.boot\spring-boot-actuator-autoconfigure\2.5.6\e7d19064fe5664600fbfa051277459ed94f5d266\spring-boot-actuator-autoconfigure-2.5.6.jar;C:\Users\frank\.gradle\caches\modules-2\files-2.1\io.micrometer\micrometer-core\1.7.5\660ac702b89180b0b902ba9e4366e1b5784823d3\micrometer-core-1.7.5.jar;C:\Users\frank\.gradle\caches\modules-2\files-2.1\org.springframework.boot\spring-boot-starter-json\2.5.6\6ef5a7087e18ed4f3736c8752440ecd489c36a4d\spring-boot-starter-json-2.5.6.jar;C:\Users\frank\.gradle\caches\modules-2\files-2.1\org.springframework.boot\spring-boot-starter-tomcat\2.5.6\6d1a04a727d9d09b99207864ceb0a4567e53730a\spring-boot-starter-tomcat-2.5.6.jar;C:\Users\frank\.gradle\caches\modules-2\files-2.1\org.springframework\spring-webmvc\5.3.12\3d92ad6c28bfa5923183f328f5bfa1e39ec32714\spring-webmvc-5.3.12.jar;C:\Users\frank\.gradle\caches\modules-2\files-2.1\org.springframework\spring-web\5.3.12\78991a50d17da49bddc4987a2cc8b83d46c402a7\spring-web-5.3.12.jar;C:\Users\frank\.gradle\caches\modules-2\files-2.1\org.springframework.boot\spring-boot-autoconfigure\2.5.6\b9f4016180c5242530da465561ff25c7cac14bf3\spring-boot-autoconfigure-2.5.6.jar;C:\Users\frank\.gradle\caches\modules-2\files-2.1\org.springframework.boot\spring-boot\2.5.6\d8c6b97fd3182fb6d7d06ebf710cd9ccabc83b89\spring-boot-2.5.6.jar;C:\Users\frank\.gradle\caches\modules-2\files-2.1\org.springframework.boot\spring-boot-starter-logging\2.5.6\a900356a11b1a41f4277136f1d13ce7a13f43b3c\spring-boot-starter-logging-2.5.6.jar;C:\Users\frank\.gradle\caches\modules-2\files-2.1\jakarta.annotation\jakarta.annotation-api\1.3.5\59eb84ee0d616332ff44aba065f3888cf002cd2d\jakarta.annotation-api-1.3.5.jar;C:\Users\frank\.gradle\caches\modules-2\files-2.1\org.springframework\spring-core\5.3.12\662e6536968246af9baa84fbac2d3eb56a04fda9\spring-core-5.3.12.jar;C:\Users\frank\.gradle\caches\modules-2\files-2.1\org.yaml\snakeyaml\1.28\7cae037c3014350c923776548e71c9feb7a69259\snakeyaml-1.28.jar;C:\Users\frank\.gradle\caches\modules-2\files-2.1\org.springframework.boot\spring-boot-actuator\2.5.6\4e7d2607630342ef3b50f48edbf8e938b1eb3392\spring-boot-actuator-2.5.6.jar;C:\Users\frank\.gradle\caches\modules-2\files-2.1\org.hdrhistogram\HdrHistogram\2.1.12\6eb7552156e0d517ae80cc2247be1427c8d90452\HdrHistogram-2.1.12.jar;C:\Users\frank\.gradle\caches\modules-2\files-2.1\com.fasterxml.jackson.datatype\jackson-datatype-jsr310\2.12.5\a0a9870b681a72789c5c6bdc380e45ab719c6aa3\jackson-datatype-jsr310-2.12.5.jar;C:\Users\frank\.gradle\caches\modules-2\files-2.1\com.fasterxml.jackson.module\jackson-module-parameter-names\2.12.5\2c85c2036d0851425a260c01eb5f7ddbed1eeb00\jackson-module-parameter-names-2.12.5.jar;C:\Users\frank\.gradle\caches\modules-2\files-2.1\com.fasterxml.jackson.datatype\jackson-datatype-jdk8\2.12.5\6b2f79547d217ad50dfc5b57af7444a3aa583b43\jackson-datatype-jdk8-2.12.5.jar;C:\Users\frank\.gradle\caches\modules-2\files-2.1\com.fasterxml.jackson.core\jackson-databind\2.12.5\b064cf057f23d3d35390328c5030847efeffedde\jackson-databind-2.12.5.jar;C:\Users\frank\.gradle\caches\modules-2\files-2.1\org.apache.tomcat.embed\tomcat-embed-websocket\9.0.54\ae018906cecb818a8c6f2316d7b0793beadf6609\tomcat-embed-websocket-9.0.54.jar;C:\Users\frank\.gradle\caches\modules-2\files-2.1\org.apache.tomcat.embed\tomcat-embed-core\9.0.54\34322c731b2394ea13681cfae0be9cd72f46f88d\tomcat-embed-core-9.0.54.jar;C:\Users\frank\.gradle\caches\modules-2\files-2.1\org.apache.tomcat.embed\tomcat-embed-el\9.0.54\9edb062d38d0fd8a165289f44b28b3b0e0e11ed7\tomcat-embed-el-9.0.54.jar;C:\Users\frank\.gradle\caches\modules-2\files-2.1\org.springframework\spring-context\5.3.12\d5f5f044e05109b7f3337ea2cf692fd62d1ecbb6\spring-context-5.3.12.jar;C:\Users\frank\.gradle\caches\modules-2\files-2.1\org.springframework\spring-aop\5.3.12\882db41939109e96f4c78cd5c0931cc4aebc3d58\spring-aop-5.3.12.jar;C:\Users\frank\.gradle\caches\modules-2\files-2.1\org.springframework\spring-beans\5.3.12\caaa1d489bce88d6aa01ddd255ad5046acf8f282\spring-beans-5.3.12.jar;C:\Users\frank\.gradle\caches\modules-2\files-2.1\org.springframework\spring-expression\5.3.12\50c82e995b3b8e20a3f313b4356237db5a26e14a\spring-expression-5.3.12.jar;C:\Users\frank\.gradle\caches\modules-2\files-2.1\ch.qos.logback\logback-classic\1.2.6\b09efa852337fa0dd9859614389eec58dc287116\logback-classic-1.2.6.jar;C:\Users\frank\.gradle\caches\modules-2\files-2.1\org.apache.logging.log4j\log4j-to-slf4j\2.14.1\ce8a86a3f50a4304749828ce68e7478cafbc8039\log4j-to-slf4j-2.14.1.jar;C:\Users\frank\.gradle\caches\modules-2\files-2.1\org.slf4j\jul-to-slf4j\1.7.32\8a055c04ab44e8e8326901cadf89080721348bdb\jul-to-slf4j-1.7.32.jar;C:\Users\frank\.gradle\caches\modules-2\files-2.1\org.springframework\spring-jcl\5.3.12\2b5f5bb4a78af879bd174ceff5226da3f014ab9d\spring-jcl-5.3.12.jar;C:\Users\frank\.gradle\caches\modules-2\files-2.1\com.fasterxml.jackson.core\jackson-annotations\2.12.5\52d929d5bb21d0186fe24c09624cc3ee4bafc3b3\jackson-annotations-2.12.5.jar;C:\Users\frank\.gradle\caches\modules-2\files-2.1\com.fasterxml.jackson.core\jackson-core\2.12.5\725e364cc71b80e60fa450bd06d75cdea7fb2d59\jackson-core-2.12.5.jar;C:\Users\frank\.gradle\caches\modules-2\files-2.1\ch.qos.logback\logback-core\1.2.6\25be1abb32e870ff042e698a799b56587e0dca9a\logback-core-1.2.6.jar;C:\Users\frank\.gradle\caches\modules-2\files-2.1\org.slf4j\slf4j-api\1.7.32\cdcff33940d9f2de763bc41ea05a0be5941176c3\slf4j-api-1.7.32.jar;C:\Users\frank\.gradle\caches\modules-2\files-2.1\org.apache.logging.log4j\log4j-api\2.14.1\cd8858fbbde69f46bce8db1152c18a43328aae78\log4j-api-2.14.1.jar;C:\Users\frank\.gradle\caches\modules-2\files-2.1\org.latencyutils\LatencyUtils\2.0.3\769c0b82cb2421c8256300e907298a9410a2a3d3\LatencyUtils-2.0.3.jar
Launcher Type: SUN_STANDARD

[Global flags]
     intx CICompilerCount                          = 4                                         {product} {ergonomic}
     uint ConcGCThreads                            = 2                                         {product} {ergonomic}
     uint G1ConcRefinementThreads                  = 8                                         {product} {ergonomic}
   size_t G1HeapRegionSize                         = 2097152                                   {product} {ergonomic}
    uintx GCDrainStackTargetSize                   = 64                                        {product} {ergonomic}
   size_t InitialHeapSize                          = 234881024                                 {product} {ergonomic}
     bool ManagementServer                         = true                                      {product} {command line}
   size_t MarkStackSize                            = 4194304                                   {product} {ergonomic}
   size_t MaxHeapSize                              = 3745513472                                {product} {ergonomic}
   size_t MaxNewSize                               = 2246049792                                {product} {ergonomic}
   size_t MinHeapDeltaBytes                        = 2097152                                   {product} {ergonomic}
   size_t MinHeapSize                              = 8388608                                   {product} {ergonomic}
    uintx NonProfiledCodeHeapSize                  = 0                                      {pd product} {ergonomic}
     bool ProfileInterpreter                       = false                                  {pd product} {command line}
    uintx ProfiledCodeHeapSize                     = 0                                      {pd product} {ergonomic}
   size_t SoftMaxHeapSize                          = 3745513472                             {manageable} {ergonomic}
     intx TieredStopAtLevel                        = 1                                         {product} {command line}
     bool UseCompressedClassPointers               = true                           {product lp64_product} {ergonomic}
     bool UseCompressedOops                        = true                           {product lp64_product} {ergonomic}
     bool UseG1GC                                  = true                                      {product} {ergonomic}
     bool UseLargePagesIndividualAllocation        = false                                  {pd product} {ergonomic}

Logging:
Log output configuration:
 #0: stdout all=warning uptime,level,tags foldmultilines=false
 #1: stderr all=off uptime,level,tags foldmultilines=false

Environment Variables:
PATH=C:\Program Files\Common Files\Oracle\Java\javapath;C:\Program Files (x86)\Common Files\Oracle\Java\javapath;C:\Program Files (x86)\VMware\VMware Player\bin\;C:\WINDOWS\system32;C:\WINDOWS;C:\WINDOWS\System32\Wbem;C:\WINDOWS\System32\WindowsPowerShell\v1.0\;C:\WINDOWS\System32\OpenSSH\;C:\Program Files (x86)\Smart Projects\IsoBuster;C:\Program Files\PuTTY\;C:\Program Files\Git\cmd;C:\sqlite;C:\Users\frank\AppData\Local\Microsoft\WindowsApps;;C:\Program Files\JetBrains\IntelliJ IDEA 2022.1.2\bin;
USERNAME=frank
OS=Windows_NT
PROCESSOR_IDENTIFIER=AMD64 Family 23 Model 24 Stepping 1, AuthenticAMD



---------------  S Y S T E M  ---------------

OS:
 Windows 11 , 64 bit Build 22000 (10.0.22000.708)
OS uptime: 6 days 0:14 hours

CPU: total 8 (initial active 8) (8 cores per cpu, 2 threads per core) family 23 model 24 stepping 1 microcode 0x0, cx8, cmov, fxsr, ht, mmx, 3dnowpref, sse, sse2, sse3, ssse3, sse4a, sse4.1, sse4.2, popcnt, lzcnt, tsc, tscinvbit, avx, avx2, aes, clmul, bmi1, bmi2, adx, sha, fma, vzeroupper, clflush, clflushopt

Memory: 4k page, system-wide physical 14282M (2723M free)
TotalPageFile size 14282M (AvailPageFile size 4M)
current process WorkingSet (physical memory assigned to process): 23M, peak: 23M
current process commit charge ("private bytes"): 295M, peak: 300M

vm_info: OpenJDK 64-Bit Server VM (18.0.1.1+2-6) for windows-amd64 JRE (18.0.1.1+2-6), built on Apr 25 2022 21:50:56 by "mach5one" with MS VC++ 16.8 / 16.9 (VS2019)

END.
