#
# There is insufficient memory for the Java Runtime Environment to continue.
# Native memory allocation (mmap) failed to map 234881024 bytes for G1 virtual space
# Possible reasons:
#   The system is out of physical RAM or swap space
#   The process is running with CompressedOops enabled, and the Java Heap may be blocking the growth of the native heap
# Possible solutions:
#   Reduce memory load on the system
#   Increase physical memory or swap space
#   Check if swap backing store is full
#   Decrease Java heap size (-Xmx/-Xms)
#   Decrease number of Java threads
#   Decrease Java thread stack sizes (-Xss)
#   Set larger code cache with -XX:ReservedCodeCacheSize=
#   JVM is running with Zero Based Compressed Oops mode in which the Java heap is
#     placed in the first 32GB address space. The Java Heap base address is the
#     maximum limit for the native heap growth. Please use -XX:HeapBaseMinAddress
#     to set the Java Heap base and to place the Java Heap above 32GB virtual address.
# This output file may be truncated or incomplete.
#
#  Out of Memory Error (os_windows.cpp:3530), pid=47156, tid=50156
#
# JRE version:  (18.0.1.1+2) (build )
# Java VM: OpenJDK 64-Bit Server VM (18.0.1.1+2-6, mixed mode, emulated-client, sharing, tiered, compressed oops, compressed class ptrs, g1 gc, windows-amd64)
# No core dump will be written. Minidumps are not enabled by default on client versions of Windows
#

---------------  S U M M A R Y ------------

Command Line: -XX:TieredStopAtLevel=1 -Xverify:none -Dspring.output.ansi.enabled=always -Dcom.sun.management.jmxremote -Dspring.jmx.enabled=true -Dspring.liveBeansView.mbeanDomain -Dspring.application.admin.enabled=true -javaagent:C:\Program Files\JetBrains\IntelliJ IDEA 2022.1.2\lib\idea_rt.jar=62819:C:\Program Files\JetBrains\IntelliJ IDEA 2022.1.2\bin -Dfile.encoding=UTF-8 cinema.Main

Host: AMD Ryzen 5 3500U with Radeon Vega Mobile Gfx  , 8 cores, 13G,  Windows 11 , 64 bit Build 22000 (10.0.22000.708)
Time: Wed Aug  3 11:44:55 2022 Mitteleuropäische Sommerzeit elapsed time: 0.016913 seconds (0d 0h 0m 0s)

---------------  T H R E A D  ---------------

Current thread (0x000002026266f690):  JavaThread "Unknown thread" [_thread_in_vm, id=50156, stack(0x0000008f1cd00000,0x0000008f1ce00000)]

Stack: [0x0000008f1cd00000,0x0000008f1ce00000]
Native frames: (J=compiled Java code, j=interpreted, Vv=VM code, C=native code)
V  [jvm.dll+0x69887a]
V  [jvm.dll+0x7f38bd]
V  [jvm.dll+0x7f51ce]
V  [jvm.dll+0x7f5883]
V  [jvm.dll+0x25ca3f]
V  [jvm.dll+0x6957c9]
V  [jvm.dll+0x68a2fa]
V  [jvm.dll+0x321efb]
V  [jvm.dll+0x3298d6]
V  [jvm.dll+0x37e47e]
V  [jvm.dll+0x37e6af]
V  [jvm.dll+0x2f9c7a]
V  [jvm.dll+0x2facdd]
V  [jvm.dll+0x7c24f0]
V  [jvm.dll+0x38b801]
V  [jvm.dll+0x7a1203]
V  [jvm.dll+0x40d6bf]
V  [jvm.dll+0x40f091]
C  [jli.dll+0x526b]
C  [ucrtbase.dll+0x26c0c]
C  [KERNEL32.DLL+0x154e0]
C  [ntdll.dll+0x485b]


---------------  P R O C E S S  ---------------

Threads class SMR info:
_java_thread_list=0x00007ffad36ad550, length=0, elements={
}

Java Threads: ( => current thread )

Other Threads:
  0x00000202626d5e00 WorkerThread "GC Thread#0" [stack: 0x0000008f1ce00000,0x0000008f1cf00000] [id=38504]
  0x00000202626e4ce0 ConcurrentGCThread "G1 Main Marker" [stack: 0x0000008f1cf00000,0x0000008f1d000000] [id=44012]
  0x00000202626e5d80 WorkerThread "G1 Conc#0" [stack: 0x0000008f1d000000,0x0000008f1d100000] [id=32848]

[error occurred during error reporting (printing all threads), id 0xc0000005, EXCEPTION_ACCESS_VIOLATION (0xc0000005) at pc=0x00007ffad2eda217]

VM state: not at safepoint (not fully initialized)

VM Mutex/Monitor currently owned by a thread:  ([mutex/lock_event])
[0x0000020262655e90] Heap_lock - owner thread: 0x000002026266f690

Heap address: 0x0000000720c00000, size: 3572 MB, Compressed Oops mode: Zero based, Oop shift amount: 3

CDS archive(s) mapped at: [0x0000000000000000-0x0000000000000000-0x0000000000000000), size 0, SharedBaseAddress: 0x0000000800000000, ArchiveRelocationMode: 0.
Narrow klass base: 0x0000000000000000, Narrow klass shift: 0, Narrow klass range: 0x0

GC Precious Log:
 CardTable entry size: 512
 Card Set container configuration: InlinePtr #cards 4 size 8 Array Of Cards #cards 16 size 48 Howl #buckets 8 coarsen threshold 3686 Howl Bitmap #cards 512 size 80 coarsen threshold 460 Card regions per heap region 1 cards per card region 4096

Heap:
 garbage-first heap   total 0K, used 0K [0x0000000720c00000, 0x0000000800000000)
  region size 2048K, 0 young (0K), 0 survivors (0K)

[error occurred during error reporting (printing heap information), id 0xc0000005, EXCEPTION_ACCESS_VIOLATION (0xc0000005) at pc=0x00007ffad32c0cb9]

GC Heap History (0 events):
No events

Deoptimization events (0 events):
No events

Classes loaded (0 events):
No events

Classes unloaded (0 events):
No events

Classes redefined (0 events):
No events

Internal exceptions (0 events):
No events

VM Operations (0 events):
No events

Events (1 events):
Event: 0.011 Loaded shared library C:\Users\frank\.jdks\openjdk-18.0.1.1\bin\java.dll


Dynamic libraries:
0x00007ff7121f0000 - 0x00007ff7121fe000 	C:\Users\frank\.jdks\openjdk-18.0.1.1\bin\java.exe
0x00007ffb0b4c0000 - 0x00007ffb0b6c9000 	C:\WINDOWS\SYSTEM32\ntdll.dll
0x00007ffb0b0c0000 - 0x00007ffb0b17d000 	C:\WINDOWS\System32\KERNEL32.DLL
0x00007ffb089a0000 - 0x00007ffb08d1d000 	C:\WINDOWS\System32\KERNELBASE.dll
0x00007ffb09200000 - 0x00007ffb09311000 	C:\WINDOWS\System32\ucrtbase.dll
0x00007ffaefa70000 - 0x00007ffaefa8a000 	C:\Users\frank\.jdks\openjdk-18.0.1.1\bin\VCRUNTIME140.dll
0x00007ffaefd90000 - 0x00007ffaefda7000 	C:\Users\frank\.jdks\openjdk-18.0.1.1\bin\jli.dll
0x00007ffb0a120000 - 0x00007ffb0a2cd000 	C:\WINDOWS\System32\USER32.dll
0x00007ffaf5bc0000 - 0x00007ffaf5e65000 	C:\WINDOWS\WinSxS\amd64_microsoft.windows.common-controls_6595b64144ccf1df_6.0.22000.120_none_9d947278b86cc467\COMCTL32.dll
0x00007ffb09320000 - 0x00007ffb09346000 	C:\WINDOWS\System32\win32u.dll
0x00007ffb0a540000 - 0x00007ffb0a5e3000 	C:\WINDOWS\System32\msvcrt.dll
0x00007ffb0a5f0000 - 0x00007ffb0a619000 	C:\WINDOWS\System32\GDI32.dll
0x00007ffb08fa0000 - 0x00007ffb090b8000 	C:\WINDOWS\System32\gdi32full.dll
0x00007ffb08e90000 - 0x00007ffb08f2d000 	C:\WINDOWS\System32\msvcp_win.dll
0x00007ffb0a2d0000 - 0x00007ffb0a301000 	C:\WINDOWS\System32\IMM32.DLL
0x00007ffb05000000 - 0x00007ffb0500c000 	C:\Users\frank\.jdks\openjdk-18.0.1.1\bin\vcruntime140_1.dll
0x00007ffaef720000 - 0x00007ffaef7ad000 	C:\Users\frank\.jdks\openjdk-18.0.1.1\bin\msvcp140.dll
0x00007ffad2bd0000 - 0x00007ffad37e0000 	C:\Users\frank\.jdks\openjdk-18.0.1.1\bin\server\jvm.dll
0x00007ffb0a310000 - 0x00007ffb0a3be000 	C:\WINDOWS\System32\ADVAPI32.dll
0x00007ffb0af40000 - 0x00007ffb0afde000 	C:\WINDOWS\System32\sechost.dll
0x00007ffb0b180000 - 0x00007ffb0b2a0000 	C:\WINDOWS\System32\RPCRT4.dll
0x00007ffb0b380000 - 0x00007ffb0b388000 	C:\WINDOWS\System32\PSAPI.DLL
0x00007ffb01c40000 - 0x00007ffb01c73000 	C:\WINDOWS\SYSTEM32\WINMM.dll
0x00007ffad5da0000 - 0x00007ffad5da9000 	C:\WINDOWS\SYSTEM32\WSOCK32.dll
0x00007ffaffff0000 - 0x00007ffaffffa000 	C:\WINDOWS\SYSTEM32\VERSION.dll
0x00007ffb0a620000 - 0x00007ffb0a68f000 	C:\WINDOWS\System32\WS2_32.dll
0x00007ffb07aa0000 - 0x00007ffb07ab8000 	C:\WINDOWS\SYSTEM32\kernel.appcore.dll
0x00007ffaf6ca0000 - 0x00007ffaf6caa000 	C:\Users\frank\.jdks\openjdk-18.0.1.1\bin\jimage.dll
0x00007ffb05cb0000 - 0x00007ffb05ed1000 	C:\WINDOWS\SYSTEM32\DBGHELP.DLL
0x00007ffaedc70000 - 0x00007ffaedca1000 	C:\WINDOWS\SYSTEM32\dbgcore.DLL
0x00007ffb090c0000 - 0x00007ffb0913f000 	C:\WINDOWS\System32\bcryptPrimitives.dll
0x00007ffb05090000 - 0x00007ffb0509e000 	C:\Users\frank\.jdks\openjdk-18.0.1.1\bin\instrument.dll
0x00007ffaef6f0000 - 0x00007ffaef715000 	C:\Users\frank\.jdks\openjdk-18.0.1.1\bin\java.dll

dbghelp: loaded successfully - version: 4.0.5 - missing functions: none
symbol engine: initialized successfully - sym options: 0x614 - pdb path: .;C:\Users\frank\.jdks\openjdk-18.0.1.1\bin;C:\WINDOWS\SYSTEM32;C:\WINDOWS\WinSxS\amd64_microsoft.windows.common-controls_6595b64144ccf1df_6.0.22000.120_none_9d947278b86cc467;C:\Users\frank\.jdks\openjdk-18.0.1.1\bin\server

VM Arguments:
jvm_args: -XX:TieredStopAtLevel=1 -Xverify:none -Dspring.output.ansi.enabled=always -Dcom.sun.management.jmxremote -Dspring.jmx.enabled=true -Dspring.liveBeansView.mbeanDomain -Dspring.application.admin.enabled=true -javaagent:C:\Program Files\JetBrains\IntelliJ IDEA 2022.1.2\lib\idea_rt.jar=62819:C:\Program Files\JetBrains\IntelliJ IDEA 2022.1.2\bin -Dfile.encoding=UTF-8 
java_command: cinema.Main
java_class_path (initial): C:\Users\frank\OneDrive\Dokumente\coding\Java\Intellij Workspaces\privateProjects\Cinema Room REST Service\Cinema Room REST Service\task\out\production\classes;C:\Users\frank\OneDrive\Dokumente\coding\Java\Intellij Workspaces\privateProjects\Cinema Room REST Service\Cinema Room REST Service\task\out\production\resources;C:\Users\frank\.gradle\caches\modules-2\files-2.1\org.springframework.boot\spring-boot-starter-actuator\2.5.6\e5057388311b3566d49ba2021673e0022da1a99c\spring-boot-starter-actuator-2.5.6.jar;C:\Users\frank\.gradle\caches\modules-2\files-2.1\org.springframework.boot\spring-boot-starter-web\2.5.6\46b479490170914f7477b96a21241183b181c24d\spring-boot-starter-web-2.5.6.jar;C:\Users\frank\.gradle\caches\modules-2\files-2.1\org.springframework.boot\spring-boot-starter\2.5.6\d5d1fada1afe9a808abf48da7066a993cf679aa\spring-boot-starter-2.5.6.jar;C:\Users\frank\.gradle\caches\modules-2\files-2.1\org.springframework.boot\spring-boot-actuator-autoconfigure\2.5.6\e7d19064fe5664600fbfa051277459ed94f5d266\spring-boot-actuator-autoconfigure-2.5.6.jar;C:\Users\frank\.gradle\caches\modules-2\files-2.1\io.micrometer\micrometer-core\1.7.5\660ac702b89180b0b902ba9e4366e1b5784823d3\micrometer-core-1.7.5.jar;C:\Users\frank\.gradle\caches\modules-2\files-2.1\org.springframework.boot\spring-boot-starter-json\2.5.6\6ef5a7087e18ed4f3736c8752440ecd489c36a4d\spring-boot-starter-json-2.5.6.jar;C:\Users\frank\.gradle\caches\modules-2\files-2.1\org.springframework.boot\spring-boot-starter-tomcat\2.5.6\6d1a04a727d9d09b99207864ceb0a4567e53730a\spring-boot-starter-tomcat-2.5.6.jar;C:\Users\frank\.gradle\caches\modules-2\files-2.1\org.springframework\spring-webmvc\5.3.12\3d92ad6c28bfa5923183f328f5bfa1e39ec32714\spring-webmvc-5.3.12.jar;C:\Users\frank\.gradle\caches\modules-2\files-2.1\org.springframework\spring-web\5.3.12\78991a50d17da49bddc4987a2cc8b83d46c402a7\spring-web-5.3.12.jar;C:\Users\frank\.gradle\caches\modules-2\files-2.1\org.springframework.boot\spring-boot-autoconfigure\2.5.6\b9f4016180c5242530da465561ff25c7cac14bf3\spring-boot-autoconfigure-2.5.6.jar;C:\Users\frank\.gradle\caches\modules-2\files-2.1\org.springframework.boot\spring-boot\2.5.6\d8c6b97fd3182fb6d7d06ebf710cd9ccabc83b89\spring-boot-2.5.6.jar;C:\Users\frank\.gradle\caches\modules-2\files-2.1\org.springframework.boot\spring-boot-starter-logging\2.5.6\a900356a11b1a41f4277136f1d13ce7a13f43b3c\spring-boot-starter-logging-2.5.6.jar;C:\Users\frank\.gradle\caches\modules-2\files-2.1\jakarta.annotation\jakarta.annotation-api\1.3.5\59eb84ee0d616332ff44aba065f3888cf002cd2d\jakarta.annotation-api-1.3.5.jar;C:\Users\frank\.gradle\caches\modules-2\files-2.1\org.springframework\spring-core\5.3.12\662e6536968246af9baa84fbac2d3eb56a04fda9\spring-core-5.3.12.jar;C:\Users\frank\.gradle\caches\modules-2\files-2.1\org.yaml\snakeyaml\1.28\7cae037c3014350c923776548e71c9feb7a69259\snakeyaml-1.28.jar;C:\Users\frank\.gradle\caches\modules-2\files-2.1\org.springframework.boot\spring-boot-actuator\2.5.6\4e7d2607630342ef3b50f48edbf8e938b1eb3392\spring-boot-actuator-2.5.6.jar;C:\Users\frank\.gradle\caches\modules-2\files-2.1\org.hdrhistogram\HdrHistogram\2.1.12\6eb7552156e0d517ae80cc2247be1427c8d90452\HdrHistogram-2.1.12.jar;C:\Users\frank\.gradle\caches\modules-2\files-2.1\com.fasterxml.jackson.datatype\jackson-datatype-jsr310\2.12.5\a0a9870b681a72789c5c6bdc380e45ab719c6aa3\jackson-datatype-jsr310-2.12.5.jar;C:\Users\frank\.gradle\caches\modules-2\files-2.1\com.fasterxml.jackson.module\jackson-module-parameter-names\2.12.5\2c85c2036d0851425a260c01eb5f7ddbed1eeb00\jackson-module-parameter-names-2.12.5.jar;C:\Users\frank\.gradle\caches\modules-2\files-2.1\com.fasterxml.jackson.datatype\jackson-datatype-jdk8\2.12.5\6b2f79547d217ad50dfc5b57af7444a3aa583b43\jackson-datatype-jdk8-2.12.5.jar;C:\Users\frank\.gradle\caches\modules-2\files-2.1\com.fasterxml.jackson.core\jackson-databind\2.12.5\b064cf057f23d3d35390328c5030847efeffedde\jackson-databind-2.12.5.jar;C:\Users\frank\.gradle\caches\modules-2\files-2.1\org.apache.tomcat.embed\tomcat-embed-websocket\9.0.54\ae018906cecb818a8c6f2316d7b0793beadf6609\tomcat-embed-websocket-9.0.54.jar;C:\Users\frank\.gradle\caches\modules-2\files-2.1\org.apache.tomcat.embed\tomcat-embed-core\9.0.54\34322c731b2394ea13681cfae0be9cd72f46f88d\tomcat-embed-core-9.0.54.jar;C:\Users\frank\.gradle\caches\modules-2\files-2.1\org.apache.tomcat.embed\tomcat-embed-el\9.0.54\9edb062d38d0fd8a165289f44b28b3b0e0e11ed7\tomcat-embed-el-9.0.54.jar;C:\Users\frank\.gradle\caches\modules-2\files-2.1\org.springframework\spring-context\5.3.12\d5f5f044e05109b7f3337ea2cf692fd62d1ecbb6\spring-context-5.3.12.jar;C:\Users\frank\.gradle\caches\modules-2\files-2.1\org.springframework\spring-aop\5.3.12\882db41939109e96f4c78cd5c0931cc4aebc3d58\spring-aop-5.3.12.jar;C:\Users\frank\.gradle\caches\modules-2\files-2.1\org.springframework\spring-beans\5.3.12\caaa1d489bce88d6aa01ddd255ad5046acf8f282\spring-beans-5.3.12.jar;C:\Users\frank\.gradle\caches\modules-2\files-2.1\org.springframework\spring-expression\5.3.12\50c82e995b3b8e20a3f313b4356237db5a26e14a\spring-expression-5.3.12.jar;C:\Users\frank\.gradle\caches\modules-2\files-2.1\ch.qos.logback\logback-classic\1.2.6\b09efa852337fa0dd9859614389eec58dc287116\logback-classic-1.2.6.jar;C:\Users\frank\.gradle\caches\modules-2\files-2.1\org.apache.logging.log4j\log4j-to-slf4j\2.14.1\ce8a86a3f50a4304749828ce68e7478cafbc8039\log4j-to-slf4j-2.14.1.jar;C:\Users\frank\.gradle\caches\modules-2\files-2.1\org.slf4j\jul-to-slf4j\1.7.32\8a055c04ab44e8e8326901cadf89080721348bdb\jul-to-slf4j-1.7.32.jar;C:\Users\frank\.gradle\caches\modules-2\files-2.1\org.springframework\spring-jcl\5.3.12\2b5f5bb4a78af879bd174ceff5226da3f014ab9d\spring-jcl-5.3.12.jar;C:\Users\frank\.gradle\caches\modules-2\files-2.1\com.fasterxml.jackson.core\jackson-annotations\2.12.5\52d929d5bb21d0186fe24c09624cc3ee4bafc3b3\jackson-annotations-2.12.5.jar;C:\Users\frank\.gradle\caches\modules-2\files-2.1\com.fasterxml.jackson.core\jackson-core\2.12.5\725e364cc71b80e60fa450bd06d75cdea7fb2d59\jackson-core-2.12.5.jar;C:\Users\frank\.gradle\caches\modules-2\files-2.1\ch.qos.logback\logback-core\1.2.6\25be1abb32e870ff042e698a799b56587e0dca9a\logback-core-1.2.6.jar;C:\Users\frank\.gradle\caches\modules-2\files-2.1\org.slf4j\slf4j-api\1.7.32\cdcff33940d9f2de763bc41ea05a0be5941176c3\slf4j-api-1.7.32.jar;C:\Users\frank\.gradle\caches\modules-2\files-2.1\org.apache.logging.log4j\log4j-api\2.14.1\cd8858fbbde69f46bce8db1152c18a43328aae78\log4j-api-2.14.1.jar;C:\Users\frank\.gradle\caches\modules-2\files-2.1\org.latencyutils\LatencyUtils\2.0.3\769c0b82cb2421c8256300e907298a9410a2a3d3\LatencyUtils-2.0.3.jar
Launcher Type: SUN_STANDARD

[Global flags]
     intx CICompilerCount                          = 4                                         {product} {ergonomic}
     uint ConcGCThreads                            = 2                                         {product} {ergonomic}
     uint G1ConcRefinementThreads                  = 8                                         {product} {ergonomic}
   size_t G1HeapRegionSize                         = 2097152                                   {product} {ergonomic}
    uintx GCDrainStackTargetSize                   = 64                                        {product} {ergonomic}
   size_t InitialHeapSize                          = 234881024                                 {product} {ergonomic}
     bool ManagementServer                         = true                                      {product} {command line}
   size_t MarkStackSize                            = 4194304                                   {product} {ergonomic}
   size_t MaxHeapSize                              = 3745513472                                {product} {ergonomic}
   size_t MinHeapDeltaBytes                        = 2097152                                   {product} {ergonomic}
   size_t MinHeapSize                              = 8388608                                   {product} {ergonomic}
    uintx NonProfiledCodeHeapSize                  = 0                                      {pd product} {ergonomic}
     bool ProfileInterpreter                       = false                                  {pd product} {command line}
    uintx ProfiledCodeHeapSize                     = 0                                      {pd product} {ergonomic}
   size_t SoftMaxHeapSize                          = 3745513472                             {manageable} {ergonomic}
     intx TieredStopAtLevel                        = 1                                         {product} {command line}
     bool UseCompressedClassPointers               = true                           {product lp64_product} {ergonomic}
     bool UseCompressedOops                        = true                           {product lp64_product} {ergonomic}
     bool UseG1GC                                  = true                                      {product} {ergonomic}
     bool UseLargePagesIndividualAllocation        = false                                  {pd product} {ergonomic}

Logging:
Log output configuration:
 #0: stdout all=warning uptime,level,tags foldmultilines=false
 #1: stderr all=off uptime,level,tags foldmultilines=false

Environment Variables:
PATH=C:\Program Files\Common Files\Oracle\Java\javapath;C:\Program Files (x86)\Common Files\Oracle\Java\javapath;C:\Program Files (x86)\VMware\VMware Player\bin\;C:\WINDOWS\system32;C:\WINDOWS;C:\WINDOWS\System32\Wbem;C:\WINDOWS\System32\WindowsPowerShell\v1.0\;C:\WINDOWS\System32\OpenSSH\;C:\Program Files (x86)\Smart Projects\IsoBuster;C:\Program Files\PuTTY\;C:\Program Files\Git\cmd;C:\sqlite;C:\Users\frank\AppData\Local\Microsoft\WindowsApps;;C:\Program Files\JetBrains\IntelliJ IDEA 2022.1.2\bin;
USERNAME=frank
OS=Windows_NT
PROCESSOR_IDENTIFIER=AMD64 Family 23 Model 24 Stepping 1, AuthenticAMD



---------------  S Y S T E M  ---------------

OS:
 Windows 11 , 64 bit Build 22000 (10.0.22000.708)
OS uptime: 5 days 23:40 hours

CPU: total 8 (initial active 8) (8 cores per cpu, 2 threads per core) family 23 model 24 stepping 1 microcode 0x0, cx8, cmov, fxsr, ht, mmx, 3dnowpref, sse, sse2, sse3, ssse3, sse4a, sse4.1, sse4.2, popcnt, lzcnt, tsc, tscinvbit, avx, avx2, aes, clmul, bmi1, bmi2, adx, sha, fma, vzeroupper, clflush, clflushopt

Memory: 4k page, system-wide physical 14282M (2378M free)
TotalPageFile size 14282M (AvailPageFile size 168M)
current process WorkingSet (physical memory assigned to process): 10M, peak: 10M
current process commit charge ("private bytes"): 55M, peak: 279M

vm_info: OpenJDK 64-Bit Server VM (18.0.1.1+2-6) for windows-amd64 JRE (18.0.1.1+2-6), built on Apr 25 2022 21:50:56 by "mach5one" with MS VC++ 16.8 / 16.9 (VS2019)

END.
