#
# There is insufficient memory for the Java Runtime Environment to continue.
# Native memory allocation (mmap) failed to map 234881024 bytes for G1 virtual space
# Possible reasons:
#   The system is out of physical RAM or swap space
#   The process is running with CompressedOops enabled, and the Java Heap may be blocking the growth of the native heap
# Possible solutions:
#   Reduce memory load on the system
#   Increase physical memory or swap space
#   Check if swap backing store is full
#   Decrease Java heap size (-Xmx/-Xms)
#   Decrease number of Java threads
#   Decrease Java thread stack sizes (-Xss)
#   Set larger code cache with -XX:ReservedCodeCacheSize=
#   JVM is running with Unscaled Compressed Oops mode in which the Java heap is
#     placed in the first 4GB address space. The Java Heap base address is the
#     maximum limit for the native heap growth. Please use -XX:HeapBaseMinAddress
#     to set the Java Heap base and to place the Java Heap above 4GB virtual address.
# This output file may be truncated or incomplete.
#
#  Out of Memory Error (os_windows.cpp:3535), pid=39848, tid=38484
#
# JRE version:  (17.0.3+7) (build )
# Java VM: OpenJDK 64-Bit Server VM (17.0.3+7, mixed mode, sharing, tiered, compressed oops, compressed class ptrs, g1 gc, windows-amd64)
# No core dump will be written. Minidumps are not enabled by default on client versions of Windows
#

---------------  S U M M A R Y ------------

Command Line: -Dorg.gradle.internal.worker.tmpdir=C:\Users\frank\OneDrive\Dokumente\coding\Java\Intellij Workspaces\privateProjects\Cinema Room REST Service\Cinema Room REST Service\task\build\tmp\test\work -Dorg.gradle.native=false --add-opens=java.base/java.util=ALL-UNNAMED --add-opens=java.base/java.lang=ALL-UNNAMED -Xmx512m -Dfile.encoding=utf-8 -Duser.country=US -Duser.language=en -Duser.variant -ea worker.org.gradle.process.internal.worker.GradleWorkerMain 'Gradle Test Executor 2'

Host: AMD Ryzen 5 3500U with Radeon Vega Mobile Gfx  , 8 cores, 13G,  Windows 11 , 64 bit Build 22000 (10.0.22000.708)
Time: Wed Aug  3 11:42:30 2022 Mitteleuropäische Sommerzeit elapsed time: 0.014103 seconds (0d 0h 0m 0s)

---------------  T H R E A D  ---------------

Current thread (0x00000221a9a062f0):  JavaThread "Unknown thread" [_thread_in_vm, id=38484, stack(0x000000d4ecc00000,0x000000d4ecd00000)]

Stack: [0x000000d4ecc00000,0x000000d4ecd00000]
Native frames: (J=compiled Java code, j=interpreted, Vv=VM code, C=native code)
V  [jvm.dll+0x675efa]
V  [jvm.dll+0x830a24]
V  [jvm.dll+0x8321ce]
V  [jvm.dll+0x832833]
V  [jvm.dll+0x2454b5]
V  [jvm.dll+0x672de9]
V  [jvm.dll+0x667732]
V  [jvm.dll+0x3043ab]
V  [jvm.dll+0x30b8f6]
V  [jvm.dll+0x35b62e]
V  [jvm.dll+0x35b85f]
V  [jvm.dll+0x2db248]
V  [jvm.dll+0x2dc1b4]
V  [jvm.dll+0x802651]
V  [jvm.dll+0x3693b1]
V  [jvm.dll+0x7e1aac]
V  [jvm.dll+0x3ebd8f]
V  [jvm.dll+0x3ed911]
C  [jli.dll+0x5277]
C  [ucrtbase.dll+0x26c0c]
C  [KERNEL32.DLL+0x154e0]
C  [ntdll.dll+0x485b]


---------------  P R O C E S S  ---------------

Threads class SMR info:
_java_thread_list=0x00007ffad27d6e98, length=0, elements={
}

Java Threads: ( => current thread )

Other Threads:
  0x00000221a9a3ae80 GCTaskThread "GC Thread#0" [stack: 0x000000d4ecd00000,0x000000d4ece00000] [id=50928]
  0x00000221a9a3fe30 ConcurrentGCThread "G1 Main Marker" [stack: 0x000000d4ece00000,0x000000d4ecf00000] [id=45728]
  0x00000221a9a41600 ConcurrentGCThread "G1 Conc#0" [stack: 0x000000d4ecf00000,0x000000d4ed000000] [id=41308]

[error occurred during error reporting (printing all threads), id 0xc0000005, EXCEPTION_ACCESS_VIOLATION (0xc0000005) at pc=0x00007ffad1fabcd7]

VM state: not at safepoint (not fully initialized)

VM Mutex/Monitor currently owned by a thread:  ([mutex/lock_event])
[0x00000221a9a02440] Heap_lock - owner thread: 0x00000221a9a062f0

Heap address: 0x00000000e0000000, size: 512 MB, Compressed Oops mode: 32-bit

CDS archive(s) mapped at: [0x0000000000000000-0x0000000000000000-0x0000000000000000), size 0, SharedBaseAddress: 0x0000000800000000, ArchiveRelocationMode: 0.
Narrow klass base: 0x0000000000000000, Narrow klass shift: 0, Narrow klass range: 0x0

GC Precious Log:
<Empty>

Heap:
 garbage-first heap   total 0K, used 0K [0x00000000e0000000, 0x0000000100000000)
  region size 1024K, 0 young (0K), 0 survivors (0K)

[error occurred during error reporting (printing heap information), id 0xc0000005, EXCEPTION_ACCESS_VIOLATION (0xc0000005) at pc=0x00007ffad238f249]

GC Heap History (0 events):
No events

Deoptimization events (0 events):
No events

Classes unloaded (0 events):
No events

Classes redefined (0 events):
No events

Internal exceptions (0 events):
No events

VM Operations (0 events):
No events

Events (1 events):
Event: 0.008 Loaded shared library C:\Users\frank\.gradle\jdks\jdk-17.0.3+7\bin\java.dll


Dynamic libraries:
0x00007ff61e050000 - 0x00007ff61e05e000 	C:\Users\frank\.gradle\jdks\jdk-17.0.3+7\bin\java.exe
0x00007ffb0b4c0000 - 0x00007ffb0b6c9000 	C:\WINDOWS\SYSTEM32\ntdll.dll
0x00007ffb0b0c0000 - 0x00007ffb0b17d000 	C:\WINDOWS\System32\KERNEL32.DLL
0x00007ffb089a0000 - 0x00007ffb08d1d000 	C:\WINDOWS\System32\KERNELBASE.dll
0x00007ffb09200000 - 0x00007ffb09311000 	C:\WINDOWS\System32\ucrtbase.dll
0x00007ffaee050000 - 0x00007ffaee069000 	C:\Users\frank\.gradle\jdks\jdk-17.0.3+7\bin\VCRUNTIME140.dll
0x00007ffaef330000 - 0x00007ffaef348000 	C:\Users\frank\.gradle\jdks\jdk-17.0.3+7\bin\jli.dll
0x00007ffb0a120000 - 0x00007ffb0a2cd000 	C:\WINDOWS\System32\USER32.dll
0x00007ffaf5bc0000 - 0x00007ffaf5e65000 	C:\WINDOWS\WinSxS\amd64_microsoft.windows.common-controls_6595b64144ccf1df_6.0.22000.120_none_9d947278b86cc467\COMCTL32.dll
0x00007ffb09320000 - 0x00007ffb09346000 	C:\WINDOWS\System32\win32u.dll
0x00007ffb0a540000 - 0x00007ffb0a5e3000 	C:\WINDOWS\System32\msvcrt.dll
0x00007ffb0a5f0000 - 0x00007ffb0a619000 	C:\WINDOWS\System32\GDI32.dll
0x00007ffb08fa0000 - 0x00007ffb090b8000 	C:\WINDOWS\System32\gdi32full.dll
0x00007ffb08e90000 - 0x00007ffb08f2d000 	C:\WINDOWS\System32\msvcp_win.dll
0x00007ffb0a2d0000 - 0x00007ffb0a301000 	C:\WINDOWS\System32\IMM32.DLL
0x00007ffaf1ad0000 - 0x00007ffaf1adc000 	C:\Users\frank\.gradle\jdks\jdk-17.0.3+7\bin\vcruntime140_1.dll
0x00007ffae0a70000 - 0x00007ffae0b01000 	C:\Users\frank\.gradle\jdks\jdk-17.0.3+7\bin\msvcp140.dll
0x00007ffad1cc0000 - 0x00007ffad2908000 	C:\Users\frank\.gradle\jdks\jdk-17.0.3+7\bin\server\jvm.dll
0x00007ffb0a310000 - 0x00007ffb0a3be000 	C:\WINDOWS\System32\ADVAPI32.dll
0x00007ffb0af40000 - 0x00007ffb0afde000 	C:\WINDOWS\System32\sechost.dll
0x00007ffb0b180000 - 0x00007ffb0b2a0000 	C:\WINDOWS\System32\RPCRT4.dll
0x00007ffb0b380000 - 0x00007ffb0b388000 	C:\WINDOWS\System32\PSAPI.DLL
0x00007ffad5da0000 - 0x00007ffad5da9000 	C:\WINDOWS\SYSTEM32\WSOCK32.dll
0x00007ffb01c40000 - 0x00007ffb01c73000 	C:\WINDOWS\SYSTEM32\WINMM.dll
0x00007ffb0a620000 - 0x00007ffb0a68f000 	C:\WINDOWS\System32\WS2_32.dll
0x00007ffaffff0000 - 0x00007ffaffffa000 	C:\WINDOWS\SYSTEM32\VERSION.dll
0x00007ffb07aa0000 - 0x00007ffb07ab8000 	C:\WINDOWS\SYSTEM32\kernel.appcore.dll
0x00007ffaefae0000 - 0x00007ffaefaea000 	C:\Users\frank\.gradle\jdks\jdk-17.0.3+7\bin\jimage.dll
0x00007ffb05cb0000 - 0x00007ffb05ed1000 	C:\WINDOWS\SYSTEM32\DBGHELP.DLL
0x00007ffaedc70000 - 0x00007ffaedca1000 	C:\WINDOWS\SYSTEM32\dbgcore.DLL
0x00007ffb090c0000 - 0x00007ffb0913f000 	C:\WINDOWS\System32\bcryptPrimitives.dll
0x00007ffae9d10000 - 0x00007ffae9d35000 	C:\Users\frank\.gradle\jdks\jdk-17.0.3+7\bin\java.dll

dbghelp: loaded successfully - version: 4.0.5 - missing functions: none
symbol engine: initialized successfully - sym options: 0x614 - pdb path: .;C:\Users\frank\.gradle\jdks\jdk-17.0.3+7\bin;C:\WINDOWS\SYSTEM32;C:\WINDOWS\WinSxS\amd64_microsoft.windows.common-controls_6595b64144ccf1df_6.0.22000.120_none_9d947278b86cc467;C:\Users\frank\.gradle\jdks\jdk-17.0.3+7\bin\server

VM Arguments:
jvm_args: -Dorg.gradle.internal.worker.tmpdir=C:\Users\frank\OneDrive\Dokumente\coding\Java\Intellij Workspaces\privateProjects\Cinema Room REST Service\Cinema Room REST Service\task\build\tmp\test\work -Dorg.gradle.native=false --add-opens=java.base/java.util=ALL-UNNAMED --add-opens=java.base/java.lang=ALL-UNNAMED -Xmx512m -Dfile.encoding=utf-8 -Duser.country=US -Duser.language=en -Duser.variant -ea 
java_command: worker.org.gradle.process.internal.worker.GradleWorkerMain 'Gradle Test Executor 2'
java_class_path (initial): C:\Users\frank\.gradle\caches\7.3.3\workerMain\gradle-worker.jar;C:\Users\frank\OneDrive\Dokumente\coding\Java\Intellij Workspaces\privateProjects\Cinema Room REST Service\Cinema Room REST Service\task\build\classes\java\test;C:\Users\frank\OneDrive\Dokumente\coding\Java\Intellij Workspaces\privateProjects\Cinema Room REST Service\Cinema Room REST Service\task\build\classes\java\main;C:\Users\frank\OneDrive\Dokumente\coding\Java\Intellij Workspaces\privateProjects\Cinema Room REST Service\Cinema Room REST Service\task\build\resources\main;C:\Users\frank\.gradle\caches\modules-2\files-2.1\org.springframework.boot\spring-boot-starter-actuator\2.5.6\e5057388311b3566d49ba2021673e0022da1a99c\spring-boot-starter-actuator-2.5.6.jar;C:\Users\frank\.gradle\caches\modules-2\files-2.1\org.springframework.boot\spring-boot-starter-web\2.5.6\46b479490170914f7477b96a21241183b181c24d\spring-boot-starter-web-2.5.6.jar;C:\Users\frank\.gradle\caches\modules-2\files-2.1\org.springframework.boot\spring-boot-starter-json\2.5.6\6ef5a7087e18ed4f3736c8752440ecd489c36a4d\spring-boot-starter-json-2.5.6.jar;C:\Users\frank\.gradle\caches\modules-2\files-2.1\org.springframework.boot\spring-boot-starter\2.5.6\d5d1fada1afe9a808abf48da7066a993cf679aa\spring-boot-starter-2.5.6.jar;C:\Users\frank\.gradle\caches\modules-2\files-2.1\com.github.hyperskill\hs-test\release-SNAPSHOT\8345f802418049d6842176e4422319eebd113aa5\hs-test-release-SNAPSHOT.jar;C:\Users\frank\.gradle\caches\modules-2\files-2.1\org.springframework.boot\spring-boot-actuator-autoconfigure\2.5.6\e7d19064fe5664600fbfa051277459ed94f5d266\spring-boot-actuator-autoconfigure-2.5.6.jar;C:\Users\frank\.gradle\caches\modules-2\files-2.1\org.springframework.boot\spring-boot-autoconfigure\2.5.6\b9f4016180c5242530da465561ff25c7cac14bf3\spring-boot-autoconfigure-2.5.6.jar;C:\Users\frank\.gradle\caches\modules-2\files-2.1\org.springframework.boot\spring-boot-actuator\2.5.6\4e7d2607630342ef3b50f48edbf8e938b1eb3392\spring-
Launcher Type: SUN_STANDARD

[Global flags]
     intx CICompilerCount                          = 4                                         {product} {ergonomic}
     uint ConcGCThreads                            = 2                                         {product} {ergonomic}
     uint G1ConcRefinementThreads                  = 8                                         {product} {ergonomic}
   size_t G1HeapRegionSize                         = 1048576                                   {product} {ergonomic}
    uintx GCDrainStackTargetSize                   = 64                                        {product} {ergonomic}
   size_t InitialHeapSize                          = 234881024                                 {product} {ergonomic}
   size_t MarkStackSize                            = 4194304                                   {product} {ergonomic}
   size_t MaxHeapSize                              = 536870912                                 {product} {command line}
   size_t MinHeapDeltaBytes                        = 1048576                                   {product} {ergonomic}
   size_t MinHeapSize                              = 8388608                                   {product} {ergonomic}
    uintx NonNMethodCodeHeapSize                   = 5839372                                {pd product} {ergonomic}
    uintx NonProfiledCodeHeapSize                  = 122909434                              {pd product} {ergonomic}
    uintx ProfiledCodeHeapSize                     = 122909434                              {pd product} {ergonomic}
    uintx ReservedCodeCacheSize                    = 251658240                              {pd product} {ergonomic}
     bool SegmentedCodeCache                       = true                                      {product} {ergonomic}
   size_t SoftMaxHeapSize                          = 536870912                              {manageable} {ergonomic}
     bool UseCompressedClassPointers               = true                           {product lp64_product} {ergonomic}
     bool UseCompressedOops                        = true                           {product lp64_product} {ergonomic}
     bool UseG1GC                                  = true                                      {product} {ergonomic}
     bool UseLargePagesIndividualAllocation        = false                                  {pd product} {ergonomic}

Logging:
Log output configuration:
 #0: stdout all=warning uptime,level,tags
 #1: stderr all=off uptime,level,tags

Environment Variables:
PATH=C:\Program Files\Common Files\Oracle\Java\javapath;C:\Program Files (x86)\Common Files\Oracle\Java\javapath;C:\Program Files (x86)\VMware\VMware Player\bin\;C:\WINDOWS\system32;C:\WINDOWS;C:\WINDOWS\System32\Wbem;C:\WINDOWS\System32\WindowsPowerShell\v1.0\;C:\WINDOWS\System32\OpenSSH\;C:\Program Files (x86)\Smart Projects\IsoBuster;C:\Program Files\PuTTY\;C:\Program Files\Git\cmd;C:\sqlite;C:\Users\frank\AppData\Local\Microsoft\WindowsApps;;C:\Program Files\JetBrains\IntelliJ IDEA 2022.1.2\bin;
USERNAME=frank
OS=Windows_NT
PROCESSOR_IDENTIFIER=AMD64 Family 23 Model 24 Stepping 1, AuthenticAMD



---------------  S Y S T E M  ---------------

OS:
 Windows 11 , 64 bit Build 22000 (10.0.22000.708)
OS uptime: 5 days 23:38 hours

CPU: total 8 (initial active 8) (8 cores per cpu, 2 threads per core) family 23 model 24 stepping 1 microcode 0x0, cx8, cmov, fxsr, ht, mmx, 3dnowpref, sse, sse2, sse3, ssse3, sse4a, sse4.1, sse4.2, popcnt, lzcnt, tsc, tscinvbit, avx, avx2, aes, clmul, bmi1, bmi2, adx, sha, fma, vzeroupper, clflush, clflushopt

Memory: 4k page, system-wide physical 14282M (2397M free)
TotalPageFile size 14282M (AvailPageFile size 29M)
current process WorkingSet (physical memory assigned to process): 10M, peak: 10M
current process commit charge ("private bytes"): 59M, peak: 283M

vm_info: OpenJDK 64-Bit Server VM (17.0.3+7) for windows-amd64 JRE (17.0.3+7), built on Apr 19 2022 16:55:35 by "" with MS VC++ 16.7 (VS2019)

END.
